<?xml version="1.0" encoding="UTF-8"?>
<!-- Generated by org.testng.reporters.JUnitReportReporter -->
<testsuite hostname="DESKTOP-7GB375R" failures="0" tests="5" name="TestLayer.EndToEndTelecomFlow" time="77.706" errors="0" timestamp="2023-07-02T01:14:15 IST" skipped="0">
  <testcase classname="TestLayer.EndToEndTelecomFlow" name="addCustomer" time="11.746"/>
  <system-out/>
  <testcase classname="TestLayer.EndToEndTelecomFlow" name="addTariffPlan" time="12.447"/>
  <system-out/>
  <testcase classname="TestLayer.EndToEndTelecomFlow" name="addCutomerTariffPlan" time="7.930"/>
  <system-out/>
  <testcase classname="TestLayer.EndToEndTelecomFlow" name="addTariffPlanToCustomer" time="36.105"/>
  <system-out/>
  <testcase classname="TestLayer.EndToEndTelecomFlow" name="payBilling" time="9.478"/>
  <system-out/>
</testsuite> <!-- TestLayer.EndToEndTelecomFlow -->
